
> ecomshrihari@0.1.0 build
> next build

  Γû▓ Next.js 14.2.35

   Creating an optimized production build ...
 Γ£ô Compiled successfully
   Linting and checking validity of types ...
node.exe : Failed to compile.
At C:\Program Files\nodejs\npm.ps1:29 char:3
+   & $NODE_EXE $NPM_CLI_JS $args
+   ~~~~~~~~~~~~~~~~~~~~~~~~~~~~~
    + CategoryInfo          : NotSpecified: (Fa    
iled to compile.:String) [], RemoteExceptio    n
    + FullyQualifiedErrorId : NativeCommandErro    r
 

./src/app/account/orders/[id]/page.tsx:165:17
Type error: Object literal may only specify known 
properties, and 'category' does not exist in type 
'Omit<CartItem, "quantity"> & { meters: number; }'.

[0m [90m 163 |[39m                 price[33m:[39m 
item[33m.[39mprice[33m,[39m[0m
[0m [90m 164 |[39m                 
meters[33m:[39m item[33m.[39mmeters[33m,[39m[0m
[0m[31m[1m>[22m[39m[90m 165 |[39m               
  category[33m:[39m [32m"fabric"[39m[33m,[39m[0m
[0m [90m     |[39m                 
[31m[1m^[22m[39m[0m
[0m [90m 166 |[39m             })[33m;[39m[0m
[0m [90m 167 |[39m         })[33m;[39m[0m
[0m [90m 168 |[39m         
setReorderedAll([36mtrue[39m)[33m;[39m[0m
Next.js build worker exited with code: 1 and signal: 
null
